Arguments: 
  /usr/bin/node /usr/local/bin/yarn add @babel/core --dev

PATH: 
  /home/emmisteel/.rvm/gems/ruby-3.0.0-ruy/bin:/home/emmisteel/.rvm/gems/ruby-3.0.0-ruy@global/bin:/home/emmisteel/.rvm/rubies/ruby-3.0.0-ruy/bin:/home/emmisteel/.local/bin:/usr/local/sbin:/usr/local/bin:/usr/sbin:/usr/bin:/sbin:/bin:/usr/games:/usr/local/games:/snap/bin:/home/emmisteel/.rvm/bin:/home/emmisteel/flutter/bin:/home/emmisteel/flutter/bin

Yarn version: 
  1.22.10

Node version: 
  14.16.1

Platform: 
  linux x64

Trace: 
  SyntaxError: /home/emmisteel/Documents/projects/microverse/javascript/phaser/24bullets/package.json: Unexpected token } in JSON at position 404
      at JSON.parse (<anonymous>)
      at /usr/local/share/.config/yarn/global/node_modules/yarn/lib/cli.js:1625:59
      at Generator.next (<anonymous>)
      at step (/usr/local/share/.config/yarn/global/node_modules/yarn/lib/cli.js:310:30)
      at /usr/local/share/.config/yarn/global/node_modules/yarn/lib/cli.js:321:13

npm manifest: 
  {
    "name": "24-bullets",
    "version": "1.0.0",
    "description": "24 bullets is a shooter game",
    "main": "src/index.js",
    "repository": "https://github.com/oxenprogrammer/24-bullets.git",
    "author": "oxenprogrammer <emmy1000okello@gmail.com>",
    "license": "MIT",
    "scripts": {
      "build": "webpack --config webpack/prod.js ",
      "start": "webpack-dev-server --config webpack/base.js --open"
    },
  }

yarn manifest: 
  No manifest

Lockfile: 
  No lockfile
